d:\my school\gbc\instructor notes\game2012 - 3d graphics programming\examples\game2012_w11_lecture\firstexample\debug\vc142.pdb
d:\my school\gbc\instructor notes\game2012 - 3d graphics programming\examples\game2012_w11_lecture\firstexample\debug\vc142.idb
d:\my school\gbc\instructor notes\game2012 - 3d graphics programming\examples\game2012_w11_lecture\firstexample\debug\loadshaders.obj
d:\my school\gbc\instructor notes\game2012 - 3d graphics programming\examples\game2012_w11_lecture\firstexample\debug\02_directional.obj
d:\my school\gbc\instructor notes\game2012 - 3d graphics programming\examples\game2012_w11_lecture\firstexample\debug\01_justambient.obj
d:\my school\gbc\instructor notes\game2012 - 3d graphics programming\examples\game2012_w11_lecture\debug\firstexample.exe
d:\my school\gbc\instructor notes\game2012 - 3d graphics programming\examples\game2012_w11_lecture\debug\firstexample.ilk
d:\my school\gbc\instructor notes\game2012 - 3d graphics programming\examples\game2012_w11_lecture\debug\firstexample.pdb
d:\my school\gbc\instructor notes\game2012 - 3d graphics programming\examples\game2012_w12_lecture\firstexample\debug\01_justambient.obj
d:\my school\gbc\instructor notes\game2012 - 3d graphics programming\examples\game2012_w12_lecture\firstexample\debug\02_directional.obj
d:\my school\gbc\instructor notes\game2012 - 3d graphics programming\examples\game2012_w12_lecture\firstexample\debug\loadshaders.obj
d:\my school\gbc\instructor notes\game2012 - 3d graphics programming\examples\game2012_w12_lecture\firstexample\debug\vc142.idb
d:\my school\gbc\instructor notes\game2012 - 3d graphics programming\examples\game2012_w12_lecture\firstexample\debug\vc142.pdb
d:\my school\gbc\instructor notes\game2012 - 3d graphics programming\examples\game2012_w12_lecture\debug\firstexample.pdb
d:\my school\gbc\instructor notes\game2012 - 3d graphics programming\examples\game2012_w12_lecture\debug\firstexample.exe
d:\my school\gbc\instructor notes\game2012 - 3d graphics programming\examples\game2012_w12_lecture\debug\firstexample.ilk
d:\my school\gbc\instructor notes\game2012 - 3d graphics programming\examples\game2012_w12_lecture\firstexample\debug\firstexample.tlog\cl.command.1.tlog
d:\my school\gbc\instructor notes\game2012 - 3d graphics programming\examples\game2012_w12_lecture\firstexample\debug\firstexample.tlog\cl.read.1.tlog
d:\my school\gbc\instructor notes\game2012 - 3d graphics programming\examples\game2012_w12_lecture\firstexample\debug\firstexample.tlog\cl.write.1.tlog
d:\my school\gbc\instructor notes\game2012 - 3d graphics programming\examples\game2012_w12_lecture\firstexample\debug\firstexample.tlog\link.command.1.tlog
d:\my school\gbc\instructor notes\game2012 - 3d graphics programming\examples\game2012_w12_lecture\firstexample\debug\firstexample.tlog\link.read.1.tlog
d:\my school\gbc\instructor notes\game2012 - 3d graphics programming\examples\game2012_w12_lecture\firstexample\debug\firstexample.tlog\link.write.1.tlog
