  GAME2012_FinalProject_HoVincent_KumarVineet.cpp
D:\Year 2 Code\3D Graphics Programming\Final Project\Repo\GAME2012_FinalProject\FirstExample\Shape.h(135,21): warning C4018: '<': signed/unsigned mismatch
D:\Year 2 Code\3D Graphics Programming\Final Project\Repo\GAME2012_FinalProject\FirstExample\Shape.h(147,21): warning C4018: '<': signed/unsigned mismatch
D:\Year 2 Code\3D Graphics Programming\Final Project\Repo\GAME2012_FinalProject\FirstExample\Shape.h(195,21): warning C4018: '<': signed/unsigned mismatch
D:\Year 2 Code\3D Graphics Programming\Final Project\Repo\GAME2012_FinalProject\FirstExample\Shape.h(214,30): warning C4244: 'argument': conversion from 'int' to 'const _Ty', possible loss of data
          with
          [
              _Ty=GLfloat
          ]
D:\Year 2 Code\3D Graphics Programming\Final Project\Repo\GAME2012_FinalProject\FirstExample\Shape.h(215,30): warning C4244: 'argument': conversion from 'int' to 'const _Ty', possible loss of data
          with
          [
              _Ty=GLfloat
          ]
D:\Year 2 Code\3D Graphics Programming\Final Project\Repo\GAME2012_FinalProject\FirstExample\Shape.h(253,21): warning C4018: '<': signed/unsigned mismatch
D:\Year 2 Code\3D Graphics Programming\Final Project\Repo\GAME2012_FinalProject\FirstExample\Shape.h(545,1): warning C4244: '+=': conversion from 'double' to 'float', possible loss of data
D:\Year 2 Code\3D Graphics Programming\Final Project\Repo\GAME2012_FinalProject\FirstExample\Shape.h(556,1): warning C4244: '+=': conversion from 'double' to 'float', possible loss of data
D:\Year 2 Code\3D Graphics Programming\Final Project\Repo\GAME2012_FinalProject\FirstExample\Shape.h(598,21): warning C4018: '<': signed/unsigned mismatch
D:\Year 2 Code\3D Graphics Programming\Final Project\Repo\GAME2012_FinalProject\FirstExample\Shape.h(638,1): warning C4244: '+=': conversion from 'double' to 'float', possible loss of data
D:\Year 2 Code\3D Graphics Programming\Final Project\Repo\GAME2012_FinalProject\FirstExample\Shape.h(675,1): warning C4244: '-=': conversion from 'double' to 'float', possible loss of data
D:\Year 2 Code\3D Graphics Programming\Final Project\Repo\GAME2012_FinalProject\FirstExample\Shape.h(704,1): warning C4244: '+=': conversion from 'double' to 'float', possible loss of data
D:\Year 2 Code\3D Graphics Programming\Final Project\Repo\GAME2012_FinalProject\FirstExample\Shape.h(741,1): warning C4244: '-=': conversion from 'double' to 'float', possible loss of data
D:\Year 2 Code\3D Graphics Programming\Final Project\Repo\GAME2012_FinalProject\FirstExample\Shape.h(785,1): warning C4244: '+=': conversion from 'double' to 'float', possible loss of data
D:\Year 2 Code\3D Graphics Programming\Final Project\Repo\GAME2012_FinalProject\FirstExample\Shape.h(850,1): warning C4244: '+=': conversion from 'double' to 'float', possible loss of data
D:\Year 2 Code\3D Graphics Programming\Final Project\Repo\GAME2012_FinalProject\FirstExample\Shape.h(887,1): warning C4244: '-=': conversion from 'double' to 'float', possible loss of data
D:\Year 2 Code\3D Graphics Programming\Final Project\Repo\GAME2012_FinalProject\FirstExample\GAME2012_FinalProject_HoVincent_KumarVineet.cpp(368,24): warning C4305: 'argument': truncation from 'double' to 'GLfloat'
  FirstExample.vcxproj -> D:\Year 2 Code\3D Graphics Programming\Final Project\Repo\GAME2012_FinalProject\Debug\FirstExample.exe
